{"level":"warn","message":"Warning message"}
{"level":"error","message":"Error message"}
{"level":"fatal","message":"Fatal message"}
{"level":"warn","message":"ReferenceError: Cannot access 'user' before initialization\n    at UserRepository.upgradeToPremium (file:///C:/Users/martin/Desktop/Backend%20entregas/PracticaIntegradora3/src/repositories/userRepository.js:12:26)\n    at premiumRole (file:///C:/Users/martin/Desktop/Backend%20entregas/PracticaIntegradora3/src/controllers/userController.js:10:45)\n    at Layer.handle [as handle_request] (C:\\Users\\martin\\Desktop\\Backend entregas\\PracticaIntegradora3\\node_modules\\express\\lib\\router\\layer.js:95:5)\n    at next (C:\\Users\\martin\\Desktop\\Backend entregas\\PracticaIntegradora3\\node_modules\\express\\lib\\router\\route.js:149:13)\n    at Route.dispatch (C:\\Users\\martin\\Desktop\\Backend entregas\\PracticaIntegradora3\\node_modules\\express\\lib\\router\\route.js:119:3)\n    at Layer.handle [as handle_request] (C:\\Users\\martin\\Desktop\\Backend entregas\\PracticaIntegradora3\\node_modules\\express\\lib\\router\\layer.js:95:5)\n    at C:\\Users\\martin\\Desktop\\Backend entregas\\PracticaIntegradora3\\node_modules\\express\\lib\\router\\index.js:284:15\n    at param (C:\\Users\\martin\\Desktop\\Backend entregas\\PracticaIntegradora3\\node_modules\\express\\lib\\router\\index.js:365:14)\n    at param (C:\\Users\\martin\\Desktop\\Backend entregas\\PracticaIntegradora3\\node_modules\\express\\lib\\router\\index.js:376:14)\n    at Function.process_params (C:\\Users\\martin\\Desktop\\Backend entregas\\PracticaIntegradora3\\node_modules\\express\\lib\\router\\index.js:421:3)"}
{"level":"warn","message":"ReferenceError: Cannot access 'user' before initialization\n    at UserRepository.upgradeToPremium (file:///C:/Users/martin/Desktop/Backend%20entregas/PracticaIntegradora3/src/repositories/userRepository.js:12:26)\n    at premiumRole (file:///C:/Users/martin/Desktop/Backend%20entregas/PracticaIntegradora3/src/controllers/userController.js:10:45)\n    at Layer.handle [as handle_request] (C:\\Users\\martin\\Desktop\\Backend entregas\\PracticaIntegradora3\\node_modules\\express\\lib\\router\\layer.js:95:5)\n    at next (C:\\Users\\martin\\Desktop\\Backend entregas\\PracticaIntegradora3\\node_modules\\express\\lib\\router\\route.js:149:13)\n    at Route.dispatch (C:\\Users\\martin\\Desktop\\Backend entregas\\PracticaIntegradora3\\node_modules\\express\\lib\\router\\route.js:119:3)\n    at Layer.handle [as handle_request] (C:\\Users\\martin\\Desktop\\Backend entregas\\PracticaIntegradora3\\node_modules\\express\\lib\\router\\layer.js:95:5)\n    at C:\\Users\\martin\\Desktop\\Backend entregas\\PracticaIntegradora3\\node_modules\\express\\lib\\router\\index.js:284:15\n    at param (C:\\Users\\martin\\Desktop\\Backend entregas\\PracticaIntegradora3\\node_modules\\express\\lib\\router\\index.js:365:14)\n    at param (C:\\Users\\martin\\Desktop\\Backend entregas\\PracticaIntegradora3\\node_modules\\express\\lib\\router\\index.js:376:14)\n    at Function.process_params (C:\\Users\\martin\\Desktop\\Backend entregas\\PracticaIntegradora3\\node_modules\\express\\lib\\router\\index.js:421:3)"}
{"level":"warn","message":"ObjectParameterError: Parameter \"filter\" to findOne() must be an object, got \"65ceadced3cdac5aee765add\" (type string)\n    at Query.findOne (C:\\Users\\martin\\Desktop\\Backend entregas\\PracticaIntegradora3\\node_modules\\mongoose\\lib\\query.js:2620:16)\n    at Function.findOne (C:\\Users\\martin\\Desktop\\Backend entregas\\PracticaIntegradora3\\node_modules\\mongoose\\lib\\model.js:2379:13)\n    at UserRepository.upgradeToPremium (file:///C:/Users/martin/Desktop/Backend%20entregas/PracticaIntegradora3/src/repositories/userRepository.js:12:47)\n    at premiumRole (file:///C:/Users/martin/Desktop/Backend%20entregas/PracticaIntegradora3/src/controllers/userController.js:10:45)\n    at Layer.handle [as handle_request] (C:\\Users\\martin\\Desktop\\Backend entregas\\PracticaIntegradora3\\node_modules\\express\\lib\\router\\layer.js:95:5)\n    at next (C:\\Users\\martin\\Desktop\\Backend entregas\\PracticaIntegradora3\\node_modules\\express\\lib\\router\\route.js:149:13)\n    at Route.dispatch (C:\\Users\\martin\\Desktop\\Backend entregas\\PracticaIntegradora3\\node_modules\\express\\lib\\router\\route.js:119:3)\n    at Layer.handle [as handle_request] (C:\\Users\\martin\\Desktop\\Backend entregas\\PracticaIntegradora3\\node_modules\\express\\lib\\router\\layer.js:95:5)\n    at C:\\Users\\martin\\Desktop\\Backend entregas\\PracticaIntegradora3\\node_modules\\express\\lib\\router\\index.js:284:15\n    at param (C:\\Users\\martin\\Desktop\\Backend entregas\\PracticaIntegradora3\\node_modules\\express\\lib\\router\\index.js:365:14)"}
{"level":"warn","message":"Failed login attempt for email: jose3@email.com"}
{"level":"warn","message":"Failed login attempt for email: martinseo_96@hotmail.com"}
{"level":"warn","message":"Failed login attempt for email: martinseo_96@hotmail.com"}
{"level":"warn","message":"Failed login attempt for email: martinseo_96@hotmail.com"}
{"level":"error","message":"TypeError: crypto.randomBytes is not a function\n    at forgotPassword (file:///C:/Users/martin/Desktop/Backend%20entregas/PracticaIntegradora4/src/controllers/sessionController.js:138:28)\n    at process.processTicksAndRejections (node:internal/process/task_queues:95:5)"}
{"level":"warn","message":"Failed login attempt for email: martinseo_96@hotmail.com"}
{"level":"warn","message":"Failed login attempt for email: martinseo_96@hotmail.com"}
{"level":"warn","message":"Failed login attempt for email: martinseo_96@hotmail.com"}
{"level":"warn","message":"Failed login attempt for email: martinseo_96@hotmail.com"}
{"level":"warn","message":"Failed login attempt for email: martinseo_96@hotmail.com"}
{"level":"warn","message":"Failed login attempt for email: martinseo_96@hotmail.com"}
{"level":"warn","message":"Failed login attempt for email: martinseo_96@hotmail.com"}
{"level":"warn","message":"Failed login attempt for email: martinseo_96@hotmail.com"}
{"level":"warn","message":"Failed login attempt for email: martinseo_96@hotmail.com"}
{"level":"warn","message":"Failed login attempt for email: martinseo_96@hotmail.com"}
{"level":"warn","message":"Failed login attempt for email: martinseo_96@hotmail.com"}
{"level":"warn","message":"Failed login attempt for email: martinseo_96@hotmail.com"}
{"level":"warn","message":"Failed login attempt for email: martinseo_96@hotmail.com"}
{"level":"warn","message":"Failed login attempt for email: martinseo_96@hotmail.com"}
{"level":"warn","message":"Failed login attempt for email: martinseo_96@hotmail.com"}
{"level":"warn","message":"Failed login attempt for email: martinseo_96@hotmail.com"}
{"level":"warn","message":"Failed login attempt for email: martinseo_96@hotmail.com"}
{"level":"warn","message":"Failed login attempt for email: martinseo_96@hotmail.com"}
{"level":"warn","message":"Failed login attempt for email: martinseo_96@hotmail.com"}
{"level":"warn","message":"Failed login attempt for email: martinseo_96@hotmail.com"}
{"level":"warn","message":"Failed login attempt for email: martinseo_96@hotmail.com"}
{"level":"warn","message":"Failed login attempt for email: martinseo_96@hotmail.com"}
{"level":"warn","message":"Failed login attempt for email: martinseo_96@hotmail.com"}
{"level":"warn","message":"Failed login attempt for email: jose3@email.com"}
{"level":"warn","message":"Failed login attempt for email: martinseo_96@hotmail.com"}
